[ 2021-03-15T15:48:40+08:00 ] [ sql ] [ DB ] CONNECT:[ UseTime:0.003105s ] mysql:dbname=shwap;host=localhost;port=3306;charset=utf8
[ sql ] [ SQL ] SHOW COLUMNS FROM `uvclinic_user` [ RunTime:0.001220s ]
[ sql ] [ SQL ] SELECT * FROM `uvclinic_user` WHERE  `uvclinic_user`.`delete_time` IS NULL  AND `id` = 2 LIMIT 1 [ RunTime:0.000590s ]
[ sql ] [ SQL ] SHOW COLUMNS FROM `uvclinic_permission` [ RunTime:0.000830s ]
[ sql ] [ SQL ] SELECT * FROM `uvclinic_permission` WHERE  `uvclinic_permission`.`delete_time` IS NULL  AND `role_id` = 1 [ RunTime:0.000421s ]
[ sql ] [ SQL ] SHOW COLUMNS FROM `uvclinic_menu` [ RunTime:0.001027s ]
[ sql ] [ SQL ] SELECT * FROM `uvclinic_menu` WHERE  `id` IN (6,43,42,41,5,7,1,44,45,46,50,4,47,48,49,98,2,9,10,11,3,12,13,54,55,56,67,68,69,70,57,58,59,71,72,76,76,77,78,79,80,81,82,86,88,89,90,91,93,94,95,96,97,99,100,101,102,103,104,105,106,107,108,109,110,111,112) [ RunTime:0.000794s ]
[ error ] [0]致命错误: Call to undefined function app\assessment\controller\PersonnelModel()

---------------------------------------------------------------
[ 2021-03-15T15:49:41+08:00 ] [ sql ] [ DB ] CONNECT:[ UseTime:0.003292s ] mysql:dbname=shwap;host=localhost;port=3306;charset=utf8
[ sql ] [ SQL ] SHOW COLUMNS FROM `uvclinic_user` [ RunTime:0.001217s ]
[ sql ] [ SQL ] SELECT * FROM `uvclinic_user` WHERE  `uvclinic_user`.`delete_time` IS NULL  AND `id` = 2 LIMIT 1 [ RunTime:0.001099s ]
[ sql ] [ SQL ] SHOW COLUMNS FROM `uvclinic_permission` [ RunTime:0.001082s ]
[ sql ] [ SQL ] SELECT * FROM `uvclinic_permission` WHERE  `uvclinic_permission`.`delete_time` IS NULL  AND `role_id` = 1 [ RunTime:0.000620s ]
[ sql ] [ SQL ] SHOW COLUMNS FROM `uvclinic_menu` [ RunTime:0.000952s ]
[ sql ] [ SQL ] SELECT * FROM `uvclinic_menu` WHERE  `id` IN (6,43,42,41,5,7,1,44,45,46,50,4,47,48,49,98,2,9,10,11,3,12,13,54,55,56,67,68,69,70,57,58,59,71,72,76,76,77,78,79,80,81,82,86,88,89,90,91,93,94,95,96,97,99,100,101,102,103,104,105,106,107,108,109,110,111,112) [ RunTime:0.000735s ]
[ error ] [0]致命错误: Class 'app\assessment\model\PersonnelToCompany' not found

---------------------------------------------------------------
[ 2021-03-15T15:50:15+08:00 ] [ sql ] [ DB ] CONNECT:[ UseTime:0.002935s ] mysql:dbname=shwap;host=localhost;port=3306;charset=utf8
[ sql ] [ SQL ] SHOW COLUMNS FROM `uvclinic_user` [ RunTime:0.001187s ]
[ sql ] [ SQL ] SELECT * FROM `uvclinic_user` WHERE  `uvclinic_user`.`delete_time` IS NULL  AND `id` = 2 LIMIT 1 [ RunTime:0.000532s ]
[ sql ] [ SQL ] SHOW COLUMNS FROM `uvclinic_permission` [ RunTime:0.000707s ]
[ sql ] [ SQL ] SELECT * FROM `uvclinic_permission` WHERE  `uvclinic_permission`.`delete_time` IS NULL  AND `role_id` = 1 [ RunTime:0.000398s ]
[ sql ] [ SQL ] SHOW COLUMNS FROM `uvclinic_menu` [ RunTime:0.000815s ]
[ sql ] [ SQL ] SELECT * FROM `uvclinic_menu` WHERE  `id` IN (6,43,42,41,5,7,1,44,45,46,50,4,47,48,49,98,2,9,10,11,3,12,13,54,55,56,67,68,69,70,57,58,59,71,72,76,76,77,78,79,80,81,82,86,88,89,90,91,93,94,95,96,97,99,100,101,102,103,104,105,106,107,108,109,110,111,112) [ RunTime:0.000704s ]
[ error ] [0]致命错误: Class 'app\assessment\controller\PersonnelToCompany' not found

---------------------------------------------------------------
[ 2021-03-15T15:50:48+08:00 ] [ sql ] [ DB ] CONNECT:[ UseTime:0.003616s ] mysql:dbname=shwap;host=localhost;port=3306;charset=utf8
[ sql ] [ SQL ] SHOW COLUMNS FROM `uvclinic_user` [ RunTime:0.001089s ]
[ sql ] [ SQL ] SELECT * FROM `uvclinic_user` WHERE  `uvclinic_user`.`delete_time` IS NULL  AND `id` = 2 LIMIT 1 [ RunTime:0.000510s ]
[ sql ] [ SQL ] SHOW COLUMNS FROM `uvclinic_permission` [ RunTime:0.000822s ]
[ sql ] [ SQL ] SELECT * FROM `uvclinic_permission` WHERE  `uvclinic_permission`.`delete_time` IS NULL  AND `role_id` = 1 [ RunTime:0.000439s ]
[ sql ] [ SQL ] SHOW COLUMNS FROM `uvclinic_menu` [ RunTime:0.000976s ]
[ sql ] [ SQL ] SELECT * FROM `uvclinic_menu` WHERE  `id` IN (6,43,42,41,5,7,1,44,45,46,50,4,47,48,49,98,2,9,10,11,3,12,13,54,55,56,67,68,69,70,57,58,59,71,72,76,76,77,78,79,80,81,82,86,88,89,90,91,93,94,95,96,97,99,100,101,102,103,104,105,106,107,108,109,110,111,112) [ RunTime:0.002070s ]
[ sql ] [ SQL ] SHOW COLUMNS FROM `uvclinic_personal_to_company` [ RunTime:0.001706s ]
[ sql ] [ SQL ] SELECT * FROM `uvclinic_personal_to_company` WHERE  `uvclinic_personal_to_company`.`delete_time` IS NULL  AND `status` = '开启' ORDER BY sort asc [ RunTime:0.000505s ]
[ error ] [8]未定义变量: fxqyInfo
[ error ] [8]未定义变量: fxqyInfo
[ error ] [8]未定义变量: fxqyInfo

---------------------------------------------------------------
[ 2021-03-15T15:51:06+08:00 ] [ sql ] [ DB ] CONNECT:[ UseTime:0.003158s ] mysql:dbname=shwap;host=localhost;port=3306;charset=utf8
[ sql ] [ SQL ] SHOW COLUMNS FROM `uvclinic_user` [ RunTime:0.001025s ]
[ sql ] [ SQL ] SELECT * FROM `uvclinic_user` WHERE  `uvclinic_user`.`delete_time` IS NULL  AND `id` = 2 LIMIT 1 [ RunTime:0.000904s ]
[ sql ] [ SQL ] SHOW COLUMNS FROM `uvclinic_permission` [ RunTime:0.000817s ]
[ sql ] [ SQL ] SELECT * FROM `uvclinic_permission` WHERE  `uvclinic_permission`.`delete_time` IS NULL  AND `role_id` = 1 [ RunTime:0.000454s ]
[ sql ] [ SQL ] SHOW COLUMNS FROM `uvclinic_menu` [ RunTime:0.002613s ]
[ sql ] [ SQL ] SELECT * FROM `uvclinic_menu` WHERE  `id` IN (6,43,42,41,5,7,1,44,45,46,50,4,47,48,49,98,2,9,10,11,3,12,13,54,55,56,67,68,69,70,57,58,59,71,72,76,76,77,78,79,80,81,82,86,88,89,90,91,93,94,95,96,97,99,100,101,102,103,104,105,106,107,108,109,110,111,112) [ RunTime:0.000727s ]
[ sql ] [ SQL ] SHOW COLUMNS FROM `uvclinic_personal_to_company` [ RunTime:0.003718s ]
[ sql ] [ SQL ] SELECT * FROM `uvclinic_personal_to_company` WHERE  `uvclinic_personal_to_company`.`delete_time` IS NULL  AND `status` = '开启' ORDER BY sort asc [ RunTime:0.000451s ]
[ error ] [8]未定义变量: fxqyInfo
[ error ] [8]未定义变量: fxqyInfo
[ error ] [8]未定义变量: fxqyInfo

---------------------------------------------------------------
[ 2021-03-15T15:52:21+08:00 ] [ sql ] [ DB ] CONNECT:[ UseTime:0.003707s ] mysql:dbname=shwap;host=localhost;port=3306;charset=utf8
[ sql ] [ SQL ] SHOW COLUMNS FROM `uvclinic_user` [ RunTime:0.001103s ]
[ sql ] [ SQL ] SELECT * FROM `uvclinic_user` WHERE  `uvclinic_user`.`delete_time` IS NULL  AND `id` = 2 LIMIT 1 [ RunTime:0.000580s ]
[ sql ] [ SQL ] SHOW COLUMNS FROM `uvclinic_permission` [ RunTime:0.000780s ]
[ sql ] [ SQL ] SELECT * FROM `uvclinic_permission` WHERE  `uvclinic_permission`.`delete_time` IS NULL  AND `role_id` = 1 [ RunTime:0.000507s ]
[ sql ] [ SQL ] SHOW COLUMNS FROM `uvclinic_menu` [ RunTime:0.001097s ]
[ sql ] [ SQL ] SELECT * FROM `uvclinic_menu` WHERE  `id` IN (6,43,42,41,5,7,1,44,45,46,50,4,47,48,49,98,2,9,10,11,3,12,13,54,55,56,67,68,69,70,57,58,59,71,72,76,76,77,78,79,80,81,82,86,88,89,90,91,93,94,95,96,97,99,100,101,102,103,104,105,106,107,108,109,110,111,112) [ RunTime:0.001756s ]
[ sql ] [ SQL ] SHOW COLUMNS FROM `uvclinic_personal_to_company` [ RunTime:0.008015s ]
[ sql ] [ SQL ] SELECT * FROM `uvclinic_personal_to_company` WHERE  `uvclinic_personal_to_company`.`delete_time` IS NULL  AND `status` = '启用' ORDER BY sort asc [ RunTime:0.001933s ]
[ error ] [8]未定义变量: fxqyInfo
[ error ] [8]未定义变量: fxqyInfo
[ error ] [8]未定义变量: fxqyInfo

---------------------------------------------------------------
[ 2021-03-15T15:57:24+08:00 ] [ sql ] [ DB ] CONNECT:[ UseTime:0.003216s ] mysql:dbname=shwap;host=localhost;port=3306;charset=utf8
[ sql ] [ SQL ] SHOW COLUMNS FROM `uvclinic_user` [ RunTime:0.001204s ]
[ sql ] [ SQL ] SELECT * FROM `uvclinic_user` WHERE  `uvclinic_user`.`delete_time` IS NULL  AND `id` = 2 LIMIT 1 [ RunTime:0.000571s ]
[ sql ] [ SQL ] SHOW COLUMNS FROM `uvclinic_permission` [ RunTime:0.000760s ]
[ sql ] [ SQL ] SELECT * FROM `uvclinic_permission` WHERE  `uvclinic_permission`.`delete_time` IS NULL  AND `role_id` = 1 [ RunTime:0.000455s ]
[ sql ] [ SQL ] SHOW COLUMNS FROM `uvclinic_menu` [ RunTime:0.000961s ]
[ sql ] [ SQL ] SELECT * FROM `uvclinic_menu` WHERE  `id` IN (6,43,42,41,5,7,1,44,45,46,50,4,47,48,49,98,2,9,10,11,3,12,13,54,55,56,67,68,69,70,57,58,59,71,72,76,76,77,78,79,80,81,82,86,88,89,90,91,93,94,95,96,97,99,100,101,102,103,104,105,106,107,108,109,110,111,112) [ RunTime:0.000773s ]
[ error ] [0]致命错误: Class 'app\assessment\controller\PersonnelToCompany' not found

---------------------------------------------------------------
[ 2021-03-15T15:57:25+08:00 ] [ sql ] [ DB ] CONNECT:[ UseTime:0.002998s ] mysql:dbname=shwap;host=localhost;port=3306;charset=utf8
[ sql ] [ SQL ] SHOW COLUMNS FROM `uvclinic_user` [ RunTime:0.001325s ]
[ sql ] [ SQL ] SELECT * FROM `uvclinic_user` WHERE  `uvclinic_user`.`delete_time` IS NULL  AND `id` = 2 LIMIT 1 [ RunTime:0.000586s ]
[ sql ] [ SQL ] SHOW COLUMNS FROM `uvclinic_permission` [ RunTime:0.000829s ]
[ sql ] [ SQL ] SELECT * FROM `uvclinic_permission` WHERE  `uvclinic_permission`.`delete_time` IS NULL  AND `role_id` = 1 [ RunTime:0.000558s ]
[ sql ] [ SQL ] SHOW COLUMNS FROM `uvclinic_menu` [ RunTime:0.001082s ]
[ sql ] [ SQL ] SELECT * FROM `uvclinic_menu` WHERE  `id` IN (6,43,42,41,5,7,1,44,45,46,50,4,47,48,49,98,2,9,10,11,3,12,13,54,55,56,67,68,69,70,57,58,59,71,72,76,76,77,78,79,80,81,82,86,88,89,90,91,93,94,95,96,97,99,100,101,102,103,104,105,106,107,108,109,110,111,112) [ RunTime:0.000765s ]
[ error ] [0]致命错误: Class 'app\assessment\controller\PersonnelToCompany' not found

---------------------------------------------------------------
[ 2021-03-15T15:57:57+08:00 ] [ sql ] [ DB ] CONNECT:[ UseTime:0.002973s ] mysql:dbname=shwap;host=localhost;port=3306;charset=utf8
[ sql ] [ SQL ] SHOW COLUMNS FROM `uvclinic_user` [ RunTime:0.001095s ]
[ sql ] [ SQL ] SELECT * FROM `uvclinic_user` WHERE  `uvclinic_user`.`delete_time` IS NULL  AND `id` = 2 LIMIT 1 [ RunTime:0.000521s ]
[ sql ] [ SQL ] SHOW COLUMNS FROM `uvclinic_permission` [ RunTime:0.000782s ]
[ sql ] [ SQL ] SELECT * FROM `uvclinic_permission` WHERE  `uvclinic_permission`.`delete_time` IS NULL  AND `role_id` = 1 [ RunTime:0.000421s ]
[ sql ] [ SQL ] SHOW COLUMNS FROM `uvclinic_menu` [ RunTime:0.000921s ]
[ sql ] [ SQL ] SELECT * FROM `uvclinic_menu` WHERE  `id` IN (6,43,42,41,5,7,1,44,45,46,50,4,47,48,49,98,2,9,10,11,3,12,13,54,55,56,67,68,69,70,57,58,59,71,72,76,76,77,78,79,80,81,82,86,88,89,90,91,93,94,95,96,97,99,100,101,102,103,104,105,106,107,108,109,110,111,112) [ RunTime:0.000784s ]
[ sql ] [ SQL ] SHOW COLUMNS FROM `uvclinic_personnel_to_company` [ RunTime:0.002917s ]
[ sql ] [ SQL ] SELECT COUNT(*) AS tp_count FROM `uvclinic_personnel_to_company` WHERE  `uvclinic_personnel_to_company`.`delete_time` IS NULL LIMIT 1 [ RunTime:0.000586s ]
[ sql ] [ SQL ] SELECT * FROM `uvclinic_personnel_to_company` WHERE  `uvclinic_personnel_to_company`.`delete_time` IS NULL ORDER BY sort asc LIMIT 0,20 [ RunTime:0.000404s ]
[ sql ] [ SQL ] SELECT `id` FROM `uvclinic_menu` WHERE  `module_name` = 'assessment'  AND `controller_name` = 'Personal'  AND `view_name` = 'userstocompany' LIMIT 1 [ RunTime:0.000480s ]
[ sql ] [ SQL ] SELECT * FROM `uvclinic_menu` WHERE  `parent_id` = 109 [ RunTime:0.000369s ]
[ sql ] [ SQL ] SELECT `p`.`id`,`m`.`name` FROM `uvclinic_permission` `p` INNER JOIN `uvclinic_menu` `m` ON `p`.`menu_id`=`m`.`id` WHERE  `p`.`role_id` = 1  AND `p`.`menu_id` IN (110,111,112) [ RunTime:0.000421s ]
[ error ] [8]Use of undefined constant 员工信息公司维护添加 - assumed '员工信息公司维护添加'
[ error ] [8]未定义变量: username
[ error ] [8]Use of undefined constant 员工信息公司维护修改 - assumed '员工信息公司维护修改'
[ error ] [8]Use of undefined constant 员工信息公司维护删除 - assumed '员工信息公司维护删除'
[ error ] [8]Use of undefined constant 员工信息公司维护修改 - assumed '员工信息公司维护修改'
[ error ] [8]Use of undefined constant 员工信息公司维护删除 - assumed '员工信息公司维护删除'
[ error ] [8]Use of undefined constant 员工信息公司维护修改 - assumed '员工信息公司维护修改'
[ error ] [8]Use of undefined constant 员工信息公司维护删除 - assumed '员工信息公司维护删除'
[ error ] [8]Use of undefined constant 员工信息公司维护修改 - assumed '员工信息公司维护修改'
[ error ] [8]Use of undefined constant 员工信息公司维护删除 - assumed '员工信息公司维护删除'
[ error ] [8]Use of undefined constant 员工信息公司维护修改 - assumed '员工信息公司维护修改'
[ error ] [8]Use of undefined constant 员工信息公司维护删除 - assumed '员工信息公司维护删除'
[ error ] [8]Use of undefined constant 员工信息公司维护修改 - assumed '员工信息公司维护修改'
[ error ] [8]Use of undefined constant 员工信息公司维护删除 - assumed '员工信息公司维护删除'
[ error ] [8]Use of undefined constant 员工信息公司维护修改 - assumed '员工信息公司维护修改'
[ error ] [8]Use of undefined constant 员工信息公司维护删除 - assumed '员工信息公司维护删除'
[ error ] [8]Use of undefined constant 员工信息公司维护修改 - assumed '员工信息公司维护修改'
[ error ] [8]Use of undefined constant 员工信息公司维护删除 - assumed '员工信息公司维护删除'
[ error ] [8]Use of undefined constant 员工信息公司维护修改 - assumed '员工信息公司维护修改'
[ error ] [8]Use of undefined constant 员工信息公司维护删除 - assumed '员工信息公司维护删除'
[ error ] [8]Use of undefined constant 员工信息公司维护修改 - assumed '员工信息公司维护修改'
[ error ] [8]Use of undefined constant 员工信息公司维护删除 - assumed '员工信息公司维护删除'
[ error ] [8]Use of undefined constant 员工信息公司维护修改 - assumed '员工信息公司维护修改'
[ error ] [8]Use of undefined constant 员工信息公司维护删除 - assumed '员工信息公司维护删除'
[ error ] [8]Use of undefined constant 员工信息公司维护修改 - assumed '员工信息公司维护修改'
[ error ] [8]Use of undefined constant 员工信息公司维护删除 - assumed '员工信息公司维护删除'
[ error ] [8]Use of undefined constant 员工信息公司维护修改 - assumed '员工信息公司维护修改'
[ error ] [8]Use of undefined constant 员工信息公司维护删除 - assumed '员工信息公司维护删除'
[ error ] [8]Use of undefined constant 员工信息公司维护修改 - assumed '员工信息公司维护修改'
[ error ] [8]Use of undefined constant 员工信息公司维护删除 - assumed '员工信息公司维护删除'
[ error ] [8]Use of undefined constant 员工信息公司维护修改 - assumed '员工信息公司维护修改'
[ error ] [8]Use of undefined constant 员工信息公司维护删除 - assumed '员工信息公司维护删除'
[ error ] [8]Use of undefined constant 员工信息公司维护修改 - assumed '员工信息公司维护修改'
[ error ] [8]Use of undefined constant 员工信息公司维护删除 - assumed '员工信息公司维护删除'
[ error ] [8]Use of undefined constant 员工信息公司维护修改 - assumed '员工信息公司维护修改'
[ error ] [8]Use of undefined constant 员工信息公司维护删除 - assumed '员工信息公司维护删除'
[ error ] [8]Use of undefined constant 员工信息公司维护修改 - assumed '员工信息公司维护修改'
[ error ] [8]Use of undefined constant 员工信息公司维护删除 - assumed '员工信息公司维护删除'

---------------------------------------------------------------
[ 2021-03-15T15:57:58+08:00 ] [ sql ] [ DB ] CONNECT:[ UseTime:0.003002s ] mysql:dbname=shwap;host=localhost;port=3306;charset=utf8
[ sql ] [ SQL ] SHOW COLUMNS FROM `uvclinic_user` [ RunTime:0.001133s ]
[ sql ] [ SQL ] SELECT * FROM `uvclinic_user` WHERE  `uvclinic_user`.`delete_time` IS NULL  AND `id` = 2 LIMIT 1 [ RunTime:0.000517s ]
[ sql ] [ SQL ] SHOW COLUMNS FROM `uvclinic_permission` [ RunTime:0.001170s ]
[ sql ] [ SQL ] SELECT * FROM `uvclinic_permission` WHERE  `uvclinic_permission`.`delete_time` IS NULL  AND `role_id` = 1 [ RunTime:0.000453s ]
[ sql ] [ SQL ] SHOW COLUMNS FROM `uvclinic_menu` [ RunTime:0.001207s ]
[ sql ] [ SQL ] SELECT * FROM `uvclinic_menu` WHERE  `id` IN (6,43,42,41,5,7,1,44,45,46,50,4,47,48,49,98,2,9,10,11,3,12,13,54,55,56,67,68,69,70,57,58,59,71,72,76,76,77,78,79,80,81,82,86,88,89,90,91,93,94,95,96,97,99,100,101,102,103,104,105,106,107,108,109,110,111,112) [ RunTime:0.001010s ]

---------------------------------------------------------------
[ 2021-03-15T15:58:00+08:00 ] [ sql ] [ DB ] CONNECT:[ UseTime:0.004907s ] mysql:dbname=shwap;host=localhost;port=3306;charset=utf8
[ sql ] [ SQL ] SHOW COLUMNS FROM `uvclinic_user` [ RunTime:0.001001s ]
[ sql ] [ SQL ] SELECT * FROM `uvclinic_user` WHERE  `uvclinic_user`.`delete_time` IS NULL  AND `id` = 2 LIMIT 1 [ RunTime:0.000493s ]
[ sql ] [ SQL ] SHOW COLUMNS FROM `uvclinic_permission` [ RunTime:0.000750s ]
[ sql ] [ SQL ] SELECT * FROM `uvclinic_permission` WHERE  `uvclinic_permission`.`delete_time` IS NULL  AND `role_id` = 1 [ RunTime:0.000441s ]
[ sql ] [ SQL ] SHOW COLUMNS FROM `uvclinic_menu` [ RunTime:0.000847s ]
[ sql ] [ SQL ] SELECT * FROM `uvclinic_menu` WHERE  `id` IN (6,43,42,41,5,7,1,44,45,46,50,4,47,48,49,98,2,9,10,11,3,12,13,54,55,56,67,68,69,70,57,58,59,71,72,76,76,77,78,79,80,81,82,86,88,89,90,91,93,94,95,96,97,99,100,101,102,103,104,105,106,107,108,109,110,111,112) [ RunTime:0.000699s ]
[ sql ] [ SQL ] SHOW COLUMNS FROM `uvclinic_personnel_to_company` [ RunTime:0.002592s ]
[ sql ] [ SQL ] SELECT COUNT(*) AS tp_count FROM `uvclinic_personnel_to_company` WHERE  `uvclinic_personnel_to_company`.`delete_time` IS NULL LIMIT 1 [ RunTime:0.000388s ]
[ sql ] [ SQL ] SELECT * FROM `uvclinic_personnel_to_company` WHERE  `uvclinic_personnel_to_company`.`delete_time` IS NULL ORDER BY sort asc LIMIT 0,20 [ RunTime:0.000409s ]
[ sql ] [ SQL ] SELECT `id` FROM `uvclinic_menu` WHERE  `module_name` = 'assessment'  AND `controller_name` = 'Personal'  AND `view_name` = 'userstocompany' LIMIT 1 [ RunTime:0.000491s ]
[ sql ] [ SQL ] SELECT * FROM `uvclinic_menu` WHERE  `parent_id` = 109 [ RunTime:0.000428s ]
[ sql ] [ SQL ] SELECT `p`.`id`,`m`.`name` FROM `uvclinic_permission` `p` INNER JOIN `uvclinic_menu` `m` ON `p`.`menu_id`=`m`.`id` WHERE  `p`.`role_id` = 1  AND `p`.`menu_id` IN (110,111,112) [ RunTime:0.000419s ]
[ error ] [8]Use of undefined constant 员工信息公司维护添加 - assumed '员工信息公司维护添加'
[ error ] [8]未定义变量: username
[ error ] [8]Use of undefined constant 员工信息公司维护修改 - assumed '员工信息公司维护修改'
[ error ] [8]Use of undefined constant 员工信息公司维护删除 - assumed '员工信息公司维护删除'
[ error ] [8]Use of undefined constant 员工信息公司维护修改 - assumed '员工信息公司维护修改'
[ error ] [8]Use of undefined constant 员工信息公司维护删除 - assumed '员工信息公司维护删除'
[ error ] [8]Use of undefined constant 员工信息公司维护修改 - assumed '员工信息公司维护修改'
[ error ] [8]Use of undefined constant 员工信息公司维护删除 - assumed '员工信息公司维护删除'
[ error ] [8]Use of undefined constant 员工信息公司维护修改 - assumed '员工信息公司维护修改'
[ error ] [8]Use of undefined constant 员工信息公司维护删除 - assumed '员工信息公司维护删除'
[ error ] [8]Use of undefined constant 员工信息公司维护修改 - assumed '员工信息公司维护修改'
[ error ] [8]Use of undefined constant 员工信息公司维护删除 - assumed '员工信息公司维护删除'
[ error ] [8]Use of undefined constant 员工信息公司维护修改 - assumed '员工信息公司维护修改'
[ error ] [8]Use of undefined constant 员工信息公司维护删除 - assumed '员工信息公司维护删除'
[ error ] [8]Use of undefined constant 员工信息公司维护修改 - assumed '员工信息公司维护修改'
[ error ] [8]Use of undefined constant 员工信息公司维护删除 - assumed '员工信息公司维护删除'
[ error ] [8]Use of undefined constant 员工信息公司维护修改 - assumed '员工信息公司维护修改'
[ error ] [8]Use of undefined constant 员工信息公司维护删除 - assumed '员工信息公司维护删除'
[ error ] [8]Use of undefined constant 员工信息公司维护修改 - assumed '员工信息公司维护修改'
[ error ] [8]Use of undefined constant 员工信息公司维护删除 - assumed '员工信息公司维护删除'
[ error ] [8]Use of undefined constant 员工信息公司维护修改 - assumed '员工信息公司维护修改'
[ error ] [8]Use of undefined constant 员工信息公司维护删除 - assumed '员工信息公司维护删除'
[ error ] [8]Use of undefined constant 员工信息公司维护修改 - assumed '员工信息公司维护修改'
[ error ] [8]Use of undefined constant 员工信息公司维护删除 - assumed '员工信息公司维护删除'
[ error ] [8]Use of undefined constant 员工信息公司维护修改 - assumed '员工信息公司维护修改'
[ error ] [8]Use of undefined constant 员工信息公司维护删除 - assumed '员工信息公司维护删除'
[ error ] [8]Use of undefined constant 员工信息公司维护修改 - assumed '员工信息公司维护修改'
[ error ] [8]Use of undefined constant 员工信息公司维护删除 - assumed '员工信息公司维护删除'
[ error ] [8]Use of undefined constant 员工信息公司维护修改 - assumed '员工信息公司维护修改'
[ error ] [8]Use of undefined constant 员工信息公司维护删除 - assumed '员工信息公司维护删除'
[ error ] [8]Use of undefined constant 员工信息公司维护修改 - assumed '员工信息公司维护修改'
[ error ] [8]Use of undefined constant 员工信息公司维护删除 - assumed '员工信息公司维护删除'
[ error ] [8]Use of undefined constant 员工信息公司维护修改 - assumed '员工信息公司维护修改'
[ error ] [8]Use of undefined constant 员工信息公司维护删除 - assumed '员工信息公司维护删除'
[ error ] [8]Use of undefined constant 员工信息公司维护修改 - assumed '员工信息公司维护修改'
[ error ] [8]Use of undefined constant 员工信息公司维护删除 - assumed '员工信息公司维护删除'
[ error ] [8]Use of undefined constant 员工信息公司维护修改 - assumed '员工信息公司维护修改'
[ error ] [8]Use of undefined constant 员工信息公司维护删除 - assumed '员工信息公司维护删除'

---------------------------------------------------------------
[ 2021-03-15T15:58:02+08:00 ] [ sql ] [ DB ] CONNECT:[ UseTime:0.003105s ] mysql:dbname=shwap;host=localhost;port=3306;charset=utf8
[ sql ] [ SQL ] SHOW COLUMNS FROM `uvclinic_user` [ RunTime:0.001343s ]
[ sql ] [ SQL ] SELECT * FROM `uvclinic_user` WHERE  `uvclinic_user`.`delete_time` IS NULL  AND `id` = 2 LIMIT 1 [ RunTime:0.000532s ]
[ sql ] [ SQL ] SHOW COLUMNS FROM `uvclinic_permission` [ RunTime:0.000834s ]
[ sql ] [ SQL ] SELECT * FROM `uvclinic_permission` WHERE  `uvclinic_permission`.`delete_time` IS NULL  AND `role_id` = 1 [ RunTime:0.000467s ]
[ sql ] [ SQL ] SHOW COLUMNS FROM `uvclinic_menu` [ RunTime:0.001655s ]
[ sql ] [ SQL ] SELECT * FROM `uvclinic_menu` WHERE  `id` IN (6,43,42,41,5,7,1,44,45,46,50,4,47,48,49,98,2,9,10,11,3,12,13,54,55,56,67,68,69,70,57,58,59,71,72,76,76,77,78,79,80,81,82,86,88,89,90,91,93,94,95,96,97,99,100,101,102,103,104,105,106,107,108,109,110,111,112) [ RunTime:0.000976s ]

---------------------------------------------------------------
[ 2021-03-15T15:58:03+08:00 ] [ sql ] [ DB ] CONNECT:[ UseTime:0.004037s ] mysql:dbname=shwap;host=localhost;port=3306;charset=utf8
[ sql ] [ SQL ] SHOW COLUMNS FROM `uvclinic_user` [ RunTime:0.001822s ]
[ sql ] [ SQL ] SELECT * FROM `uvclinic_user` WHERE  `uvclinic_user`.`delete_time` IS NULL  AND `id` = 2 LIMIT 1 [ RunTime:0.000829s ]
[ sql ] [ SQL ] SHOW COLUMNS FROM `uvclinic_permission` [ RunTime:0.000898s ]
[ sql ] [ SQL ] SELECT * FROM `uvclinic_permission` WHERE  `uvclinic_permission`.`delete_time` IS NULL  AND `role_id` = 1 [ RunTime:0.000483s ]
[ sql ] [ SQL ] SHOW COLUMNS FROM `uvclinic_menu` [ RunTime:0.000982s ]
[ sql ] [ SQL ] SELECT * FROM `uvclinic_menu` WHERE  `id` IN (6,43,42,41,5,7,1,44,45,46,50,4,47,48,49,98,2,9,10,11,3,12,13,54,55,56,67,68,69,70,57,58,59,71,72,76,76,77,78,79,80,81,82,86,88,89,90,91,93,94,95,96,97,99,100,101,102,103,104,105,106,107,108,109,110,111,112) [ RunTime:0.000750s ]
[ sql ] [ SQL ] SHOW COLUMNS FROM `uvclinic_personnel_to_company` [ RunTime:0.002318s ]
[ sql ] [ SQL ] SELECT COUNT(*) AS tp_count FROM `uvclinic_personnel_to_company` WHERE  `uvclinic_personnel_to_company`.`delete_time` IS NULL LIMIT 1 [ RunTime:0.000438s ]
[ sql ] [ SQL ] SELECT * FROM `uvclinic_personnel_to_company` WHERE  `uvclinic_personnel_to_company`.`delete_time` IS NULL ORDER BY sort asc LIMIT 0,20 [ RunTime:0.000418s ]
[ sql ] [ SQL ] SELECT `id` FROM `uvclinic_menu` WHERE  `module_name` = 'assessment'  AND `controller_name` = 'Personal'  AND `view_name` = 'userstocompany' LIMIT 1 [ RunTime:0.000528s ]
[ sql ] [ SQL ] SELECT * FROM `uvclinic_menu` WHERE  `parent_id` = 109 [ RunTime:0.000426s ]
[ sql ] [ SQL ] SELECT `p`.`id`,`m`.`name` FROM `uvclinic_permission` `p` INNER JOIN `uvclinic_menu` `m` ON `p`.`menu_id`=`m`.`id` WHERE  `p`.`role_id` = 1  AND `p`.`menu_id` IN (110,111,112) [ RunTime:0.000710s ]
[ error ] [8]Use of undefined constant 员工信息公司维护添加 - assumed '员工信息公司维护添加'
[ error ] [8]未定义变量: username
[ error ] [8]Use of undefined constant 员工信息公司维护修改 - assumed '员工信息公司维护修改'
[ error ] [8]Use of undefined constant 员工信息公司维护删除 - assumed '员工信息公司维护删除'
[ error ] [8]Use of undefined constant 员工信息公司维护修改 - assumed '员工信息公司维护修改'
[ error ] [8]Use of undefined constant 员工信息公司维护删除 - assumed '员工信息公司维护删除'
[ error ] [8]Use of undefined constant 员工信息公司维护修改 - assumed '员工信息公司维护修改'
[ error ] [8]Use of undefined constant 员工信息公司维护删除 - assumed '员工信息公司维护删除'
[ error ] [8]Use of undefined constant 员工信息公司维护修改 - assumed '员工信息公司维护修改'
[ error ] [8]Use of undefined constant 员工信息公司维护删除 - assumed '员工信息公司维护删除'
[ error ] [8]Use of undefined constant 员工信息公司维护修改 - assumed '员工信息公司维护修改'
[ error ] [8]Use of undefined constant 员工信息公司维护删除 - assumed '员工信息公司维护删除'
[ error ] [8]Use of undefined constant 员工信息公司维护修改 - assumed '员工信息公司维护修改'
[ error ] [8]Use of undefined constant 员工信息公司维护删除 - assumed '员工信息公司维护删除'
[ error ] [8]Use of undefined constant 员工信息公司维护修改 - assumed '员工信息公司维护修改'
[ error ] [8]Use of undefined constant 员工信息公司维护删除 - assumed '员工信息公司维护删除'
[ error ] [8]Use of undefined constant 员工信息公司维护修改 - assumed '员工信息公司维护修改'
[ error ] [8]Use of undefined constant 员工信息公司维护删除 - assumed '员工信息公司维护删除'
[ error ] [8]Use of undefined constant 员工信息公司维护修改 - assumed '员工信息公司维护修改'
[ error ] [8]Use of undefined constant 员工信息公司维护删除 - assumed '员工信息公司维护删除'
[ error ] [8]Use of undefined constant 员工信息公司维护修改 - assumed '员工信息公司维护修改'
[ error ] [8]Use of undefined constant 员工信息公司维护删除 - assumed '员工信息公司维护删除'
[ error ] [8]Use of undefined constant 员工信息公司维护修改 - assumed '员工信息公司维护修改'
[ error ] [8]Use of undefined constant 员工信息公司维护删除 - assumed '员工信息公司维护删除'
[ error ] [8]Use of undefined constant 员工信息公司维护修改 - assumed '员工信息公司维护修改'
[ error ] [8]Use of undefined constant 员工信息公司维护删除 - assumed '员工信息公司维护删除'
[ error ] [8]Use of undefined constant 员工信息公司维护修改 - assumed '员工信息公司维护修改'
[ error ] [8]Use of undefined constant 员工信息公司维护删除 - assumed '员工信息公司维护删除'
[ error ] [8]Use of undefined constant 员工信息公司维护修改 - assumed '员工信息公司维护修改'
[ error ] [8]Use of undefined constant 员工信息公司维护删除 - assumed '员工信息公司维护删除'
[ error ] [8]Use of undefined constant 员工信息公司维护修改 - assumed '员工信息公司维护修改'
[ error ] [8]Use of undefined constant 员工信息公司维护删除 - assumed '员工信息公司维护删除'
[ error ] [8]Use of undefined constant 员工信息公司维护修改 - assumed '员工信息公司维护修改'
[ error ] [8]Use of undefined constant 员工信息公司维护删除 - assumed '员工信息公司维护删除'
[ error ] [8]Use of undefined constant 员工信息公司维护修改 - assumed '员工信息公司维护修改'
[ error ] [8]Use of undefined constant 员工信息公司维护删除 - assumed '员工信息公司维护删除'
[ error ] [8]Use of undefined constant 员工信息公司维护修改 - assumed '员工信息公司维护修改'
[ error ] [8]Use of undefined constant 员工信息公司维护删除 - assumed '员工信息公司维护删除'

---------------------------------------------------------------
[ 2021-03-15T15:58:05+08:00 ] [ sql ] [ DB ] CONNECT:[ UseTime:0.013070s ] mysql:dbname=shwap;host=localhost;port=3306;charset=utf8
[ sql ] [ SQL ] SHOW COLUMNS FROM `uvclinic_user` [ RunTime:0.001375s ]
[ sql ] [ SQL ] SELECT * FROM `uvclinic_user` WHERE  `uvclinic_user`.`delete_time` IS NULL  AND `id` = 2 LIMIT 1 [ RunTime:0.000574s ]
[ sql ] [ SQL ] SHOW COLUMNS FROM `uvclinic_permission` [ RunTime:0.000915s ]
[ sql ] [ SQL ] SELECT * FROM `uvclinic_permission` WHERE  `uvclinic_permission`.`delete_time` IS NULL  AND `role_id` = 1 [ RunTime:0.000471s ]
[ sql ] [ SQL ] SHOW COLUMNS FROM `uvclinic_menu` [ RunTime:0.001652s ]
[ sql ] [ SQL ] SELECT * FROM `uvclinic_menu` WHERE  `id` IN (6,43,42,41,5,7,1,44,45,46,50,4,47,48,49,98,2,9,10,11,3,12,13,54,55,56,67,68,69,70,57,58,59,71,72,76,76,77,78,79,80,81,82,86,88,89,90,91,93,94,95,96,97,99,100,101,102,103,104,105,106,107,108,109,110,111,112) [ RunTime:0.001022s ]

---------------------------------------------------------------
[ 2021-03-15T15:58:06+08:00 ] [ sql ] [ DB ] CONNECT:[ UseTime:0.006331s ] mysql:dbname=shwap;host=localhost;port=3306;charset=utf8
[ sql ] [ SQL ] SHOW COLUMNS FROM `uvclinic_user` [ RunTime:0.001813s ]
[ sql ] [ SQL ] SELECT * FROM `uvclinic_user` WHERE  `uvclinic_user`.`delete_time` IS NULL  AND `id` = 2 LIMIT 1 [ RunTime:0.000551s ]
[ sql ] [ SQL ] SHOW COLUMNS FROM `uvclinic_permission` [ RunTime:0.000880s ]
[ sql ] [ SQL ] SELECT * FROM `uvclinic_permission` WHERE  `uvclinic_permission`.`delete_time` IS NULL  AND `role_id` = 1 [ RunTime:0.000488s ]
[ sql ] [ SQL ] SHOW COLUMNS FROM `uvclinic_menu` [ RunTime:0.001140s ]
[ sql ] [ SQL ] SELECT * FROM `uvclinic_menu` WHERE  `id` IN (6,43,42,41,5,7,1,44,45,46,50,4,47,48,49,98,2,9,10,11,3,12,13,54,55,56,67,68,69,70,57,58,59,71,72,76,76,77,78,79,80,81,82,86,88,89,90,91,93,94,95,96,97,99,100,101,102,103,104,105,106,107,108,109,110,111,112) [ RunTime:0.002926s ]
[ sql ] [ SQL ] SHOW COLUMNS FROM `uvclinic_personnel_to_company` [ RunTime:0.002765s ]
[ sql ] [ SQL ] SELECT COUNT(*) AS tp_count FROM `uvclinic_personnel_to_company` WHERE  `uvclinic_personnel_to_company`.`delete_time` IS NULL LIMIT 1 [ RunTime:0.000406s ]
[ sql ] [ SQL ] SELECT * FROM `uvclinic_personnel_to_company` WHERE  `uvclinic_personnel_to_company`.`delete_time` IS NULL ORDER BY sort asc LIMIT 0,20 [ RunTime:0.000397s ]
[ sql ] [ SQL ] SELECT `id` FROM `uvclinic_menu` WHERE  `module_name` = 'assessment'  AND `controller_name` = 'Personal'  AND `view_name` = 'userstocompany' LIMIT 1 [ RunTime:0.000551s ]
[ sql ] [ SQL ] SELECT * FROM `uvclinic_menu` WHERE  `parent_id` = 109 [ RunTime:0.000456s ]
[ sql ] [ SQL ] SELECT `p`.`id`,`m`.`name` FROM `uvclinic_permission` `p` INNER JOIN `uvclinic_menu` `m` ON `p`.`menu_id`=`m`.`id` WHERE  `p`.`role_id` = 1  AND `p`.`menu_id` IN (110,111,112) [ RunTime:0.000624s ]
[ error ] [8]Use of undefined constant 员工信息公司维护添加 - assumed '员工信息公司维护添加'
[ error ] [8]未定义变量: username
[ error ] [8]Use of undefined constant 员工信息公司维护修改 - assumed '员工信息公司维护修改'
[ error ] [8]Use of undefined constant 员工信息公司维护删除 - assumed '员工信息公司维护删除'
[ error ] [8]Use of undefined constant 员工信息公司维护修改 - assumed '员工信息公司维护修改'
[ error ] [8]Use of undefined constant 员工信息公司维护删除 - assumed '员工信息公司维护删除'
[ error ] [8]Use of undefined constant 员工信息公司维护修改 - assumed '员工信息公司维护修改'
[ error ] [8]Use of undefined constant 员工信息公司维护删除 - assumed '员工信息公司维护删除'
[ error ] [8]Use of undefined constant 员工信息公司维护修改 - assumed '员工信息公司维护修改'
[ error ] [8]Use of undefined constant 员工信息公司维护删除 - assumed '员工信息公司维护删除'
[ error ] [8]Use of undefined constant 员工信息公司维护修改 - assumed '员工信息公司维护修改'
[ error ] [8]Use of undefined constant 员工信息公司维护删除 - assumed '员工信息公司维护删除'
[ error ] [8]Use of undefined constant 员工信息公司维护修改 - assumed '员工信息公司维护修改'
[ error ] [8]Use of undefined constant 员工信息公司维护删除 - assumed '员工信息公司维护删除'
[ error ] [8]Use of undefined constant 员工信息公司维护修改 - assumed '员工信息公司维护修改'
[ error ] [8]Use of undefined constant 员工信息公司维护删除 - assumed '员工信息公司维护删除'
[ error ] [8]Use of undefined constant 员工信息公司维护修改 - assumed '员工信息公司维护修改'
[ error ] [8]Use of undefined constant 员工信息公司维护删除 - assumed '员工信息公司维护删除'
[ error ] [8]Use of undefined constant 员工信息公司维护修改 - assumed '员工信息公司维护修改'
[ error ] [8]Use of undefined constant 员工信息公司维护删除 - assumed '员工信息公司维护删除'
[ error ] [8]Use of undefined constant 员工信息公司维护修改 - assumed '员工信息公司维护修改'
[ error ] [8]Use of undefined constant 员工信息公司维护删除 - assumed '员工信息公司维护删除'
[ error ] [8]Use of undefined constant 员工信息公司维护修改 - assumed '员工信息公司维护修改'
[ error ] [8]Use of undefined constant 员工信息公司维护删除 - assumed '员工信息公司维护删除'
[ error ] [8]Use of undefined constant 员工信息公司维护修改 - assumed '员工信息公司维护修改'
[ error ] [8]Use of undefined constant 员工信息公司维护删除 - assumed '员工信息公司维护删除'
[ error ] [8]Use of undefined constant 员工信息公司维护修改 - assumed '员工信息公司维护修改'
[ error ] [8]Use of undefined constant 员工信息公司维护删除 - assumed '员工信息公司维护删除'
[ error ] [8]Use of undefined constant 员工信息公司维护修改 - assumed '员工信息公司维护修改'
[ error ] [8]Use of undefined constant 员工信息公司维护删除 - assumed '员工信息公司维护删除'
[ error ] [8]Use of undefined constant 员工信息公司维护修改 - assumed '员工信息公司维护修改'
[ error ] [8]Use of undefined constant 员工信息公司维护删除 - assumed '员工信息公司维护删除'
[ error ] [8]Use of undefined constant 员工信息公司维护修改 - assumed '员工信息公司维护修改'
[ error ] [8]Use of undefined constant 员工信息公司维护删除 - assumed '员工信息公司维护删除'
[ error ] [8]Use of undefined constant 员工信息公司维护修改 - assumed '员工信息公司维护修改'
[ error ] [8]Use of undefined constant 员工信息公司维护删除 - assumed '员工信息公司维护删除'
[ error ] [8]Use of undefined constant 员工信息公司维护修改 - assumed '员工信息公司维护修改'
[ error ] [8]Use of undefined constant 员工信息公司维护删除 - assumed '员工信息公司维护删除'

---------------------------------------------------------------
