[ 2021-03-19T16:35:54+08:00 ] [ sql ] [ DB ] CONNECT:[ UseTime:0.004774s ] mysql:dbname=shwap;host=localhost;port=3306;charset=utf8
[ sql ] [ SQL ] SHOW COLUMNS FROM `uvclinic_user` [ RunTime:0.001939s ]
[ sql ] [ SQL ] SELECT * FROM `uvclinic_user` WHERE  `uvclinic_user`.`delete_time` IS NULL  AND `id` = 2 LIMIT 1 [ RunTime:0.000575s ]
[ sql ] [ SQL ] SHOW COLUMNS FROM `uvclinic_permission` [ RunTime:0.001060s ]
[ sql ] [ SQL ] SELECT * FROM `uvclinic_permission` WHERE  `uvclinic_permission`.`delete_time` IS NULL  AND `role_id` = 1 [ RunTime:0.000486s ]
[ sql ] [ SQL ] SHOW COLUMNS FROM `uvclinic_menu` [ RunTime:0.004591s ]
[ sql ] [ SQL ] SELECT * FROM `uvclinic_menu` WHERE  `id` IN (6,43,42,41,5,7,1,44,45,46,50,4,47,48,49,98,2,9,10,11,3,12,13,54,55,56,67,68,69,70,57,58,59,71,72,76,76,77,78,79,80,81,82,86,88,89,90,91,93,94,95,96,97,99,100,101,102,103,104,105,106,107,108,109,110,111,112,113) [ RunTime:0.003357s ]
[ sql ] [ SQL ] SELECT * FROM `uvclinic_menu` ORDER BY sort asc [ RunTime:0.001058s ]
[ sql ] [ SQL ] SELECT `id` FROM `uvclinic_menu` WHERE  `module_name` = 'assessment'  AND `controller_name` = 'Menu'  AND `view_name` = 'mlist' LIMIT 1 [ RunTime:0.000704s ]
[ sql ] [ SQL ] SELECT * FROM `uvclinic_menu` WHERE  `parent_id` = 5 [ RunTime:0.000664s ]
[ sql ] [ SQL ] SELECT `p`.`id`,`m`.`name` FROM `uvclinic_permission` `p` INNER JOIN `uvclinic_menu` `m` ON `p`.`menu_id`=`m`.`id` WHERE  `p`.`role_id` = 1  AND `p`.`menu_id` IN (41,43,42) [ RunTime:0.000795s ]
[ error ] [8]Use of undefined constant 菜单新增 - assumed '菜单新增'
[ error ] [8]Use of undefined constant 菜单修改 - assumed '菜单修改'
[ error ] [8]Use of undefined constant 菜单删除 - assumed '菜单删除'
[ error ] [8]Use of undefined constant 菜单修改 - assumed '菜单修改'
[ error ] [8]Use of undefined constant 菜单删除 - assumed '菜单删除'
[ error ] [8]Use of undefined constant 菜单修改 - assumed '菜单修改'
[ error ] [8]Use of undefined constant 菜单删除 - assumed '菜单删除'
[ error ] [8]Use of undefined constant 菜单修改 - assumed '菜单修改'
[ error ] [8]Use of undefined constant 菜单删除 - assumed '菜单删除'
[ error ] [8]Use of undefined constant 菜单修改 - assumed '菜单修改'
[ error ] [8]Use of undefined constant 菜单删除 - assumed '菜单删除'
[ error ] [8]Use of undefined constant 菜单修改 - assumed '菜单修改'
[ error ] [8]Use of undefined constant 菜单删除 - assumed '菜单删除'
[ error ] [8]Use of undefined constant 菜单修改 - assumed '菜单修改'
[ error ] [8]Use of undefined constant 菜单删除 - assumed '菜单删除'
[ error ] [8]Use of undefined constant 菜单修改 - assumed '菜单修改'
[ error ] [8]Use of undefined constant 菜单删除 - assumed '菜单删除'
[ error ] [8]Use of undefined constant 菜单修改 - assumed '菜单修改'
[ error ] [8]Use of undefined constant 菜单删除 - assumed '菜单删除'
[ error ] [8]Use of undefined constant 菜单修改 - assumed '菜单修改'
[ error ] [8]Use of undefined constant 菜单删除 - assumed '菜单删除'
[ error ] [8]Use of undefined constant 菜单修改 - assumed '菜单修改'
[ error ] [8]Use of undefined constant 菜单删除 - assumed '菜单删除'
[ error ] [8]Use of undefined constant 菜单修改 - assumed '菜单修改'
[ error ] [8]Use of undefined constant 菜单删除 - assumed '菜单删除'
[ error ] [8]Use of undefined constant 菜单修改 - assumed '菜单修改'
[ error ] [8]Use of undefined constant 菜单删除 - assumed '菜单删除'
[ error ] [8]Use of undefined constant 菜单修改 - assumed '菜单修改'
[ error ] [8]Use of undefined constant 菜单删除 - assumed '菜单删除'
[ error ] [8]Use of undefined constant 菜单修改 - assumed '菜单修改'
[ error ] [8]Use of undefined constant 菜单删除 - assumed '菜单删除'
[ error ] [8]Use of undefined constant 菜单修改 - assumed '菜单修改'
[ error ] [8]Use of undefined constant 菜单删除 - assumed '菜单删除'
[ error ] [8]Use of undefined constant 菜单修改 - assumed '菜单修改'
[ error ] [8]Use of undefined constant 菜单删除 - assumed '菜单删除'
[ error ] [8]Use of undefined constant 菜单修改 - assumed '菜单修改'
[ error ] [8]Use of undefined constant 菜单删除 - assumed '菜单删除'
[ error ] [8]Use of undefined constant 菜单修改 - assumed '菜单修改'
[ error ] [8]Use of undefined constant 菜单删除 - assumed '菜单删除'
[ error ] [8]Use of undefined constant 菜单修改 - assumed '菜单修改'
[ error ] [8]Use of undefined constant 菜单删除 - assumed '菜单删除'
[ error ] [8]Use of undefined constant 菜单修改 - assumed '菜单修改'
[ error ] [8]Use of undefined constant 菜单删除 - assumed '菜单删除'
[ error ] [8]Use of undefined constant 菜单修改 - assumed '菜单修改'
[ error ] [8]Use of undefined constant 菜单删除 - assumed '菜单删除'
[ error ] [8]Use of undefined constant 菜单修改 - assumed '菜单修改'
[ error ] [8]Use of undefined constant 菜单删除 - assumed '菜单删除'
[ error ] [8]Use of undefined constant 菜单修改 - assumed '菜单修改'
[ error ] [8]Use of undefined constant 菜单删除 - assumed '菜单删除'
[ error ] [8]Use of undefined constant 菜单修改 - assumed '菜单修改'
[ error ] [8]Use of undefined constant 菜单删除 - assumed '菜单删除'
[ error ] [8]Use of undefined constant 菜单修改 - assumed '菜单修改'
[ error ] [8]Use of undefined constant 菜单删除 - assumed '菜单删除'
[ error ] [8]Use of undefined constant 菜单修改 - assumed '菜单修改'
[ error ] [8]Use of undefined constant 菜单删除 - assumed '菜单删除'
[ error ] [8]Use of undefined constant 菜单修改 - assumed '菜单修改'
[ error ] [8]Use of undefined constant 菜单删除 - assumed '菜单删除'
[ error ] [8]Use of undefined constant 菜单修改 - assumed '菜单修改'
[ error ] [8]Use of undefined constant 菜单删除 - assumed '菜单删除'
[ error ] [8]Use of undefined constant 菜单修改 - assumed '菜单修改'
[ error ] [8]Use of undefined constant 菜单删除 - assumed '菜单删除'
[ error ] [8]Use of undefined constant 菜单修改 - assumed '菜单修改'
[ error ] [8]Use of undefined constant 菜单删除 - assumed '菜单删除'
[ error ] [8]Use of undefined constant 菜单修改 - assumed '菜单修改'
[ error ] [8]Use of undefined constant 菜单删除 - assumed '菜单删除'
[ error ] [8]Use of undefined constant 菜单修改 - assumed '菜单修改'
[ error ] [8]Use of undefined constant 菜单删除 - assumed '菜单删除'
[ error ] [8]Use of undefined constant 菜单修改 - assumed '菜单修改'
[ error ] [8]Use of undefined constant 菜单删除 - assumed '菜单删除'
[ error ] [8]Use of undefined constant 菜单修改 - assumed '菜单修改'
[ error ] [8]Use of undefined constant 菜单删除 - assumed '菜单删除'
[ error ] [8]Use of undefined constant 菜单修改 - assumed '菜单修改'
[ error ] [8]Use of undefined constant 菜单删除 - assumed '菜单删除'
[ error ] [8]Use of undefined constant 菜单修改 - assumed '菜单修改'
[ error ] [8]Use of undefined constant 菜单删除 - assumed '菜单删除'
[ error ] [8]Use of undefined constant 菜单修改 - assumed '菜单修改'
[ error ] [8]Use of undefined constant 菜单删除 - assumed '菜单删除'
[ error ] [8]Use of undefined constant 菜单修改 - assumed '菜单修改'
[ error ] [8]Use of undefined constant 菜单删除 - assumed '菜单删除'
[ error ] [8]Use of undefined constant 菜单修改 - assumed '菜单修改'
[ error ] [8]Use of undefined constant 菜单删除 - assumed '菜单删除'
[ error ] [8]Use of undefined constant 菜单修改 - assumed '菜单修改'
[ error ] [8]Use of undefined constant 菜单删除 - assumed '菜单删除'
[ error ] [8]Use of undefined constant 菜单修改 - assumed '菜单修改'
[ error ] [8]Use of undefined constant 菜单删除 - assumed '菜单删除'
[ error ] [8]Use of undefined constant 菜单修改 - assumed '菜单修改'
[ error ] [8]Use of undefined constant 菜单删除 - assumed '菜单删除'
[ error ] [8]Use of undefined constant 菜单修改 - assumed '菜单修改'
[ error ] [8]Use of undefined constant 菜单删除 - assumed '菜单删除'
[ error ] [8]Use of undefined constant 菜单修改 - assumed '菜单修改'
[ error ] [8]Use of undefined constant 菜单删除 - assumed '菜单删除'
[ error ] [8]Use of undefined constant 菜单修改 - assumed '菜单修改'
[ error ] [8]Use of undefined constant 菜单删除 - assumed '菜单删除'
[ error ] [8]Use of undefined constant 菜单修改 - assumed '菜单修改'
[ error ] [8]Use of undefined constant 菜单删除 - assumed '菜单删除'
[ error ] [8]Use of undefined constant 菜单修改 - assumed '菜单修改'
[ error ] [8]Use of undefined constant 菜单删除 - assumed '菜单删除'
[ error ] [8]Use of undefined constant 菜单修改 - assumed '菜单修改'
[ error ] [8]Use of undefined constant 菜单删除 - assumed '菜单删除'
[ error ] [8]Use of undefined constant 菜单修改 - assumed '菜单修改'
[ error ] [8]Use of undefined constant 菜单删除 - assumed '菜单删除'
[ error ] [8]Use of undefined constant 菜单修改 - assumed '菜单修改'
[ error ] [8]Use of undefined constant 菜单删除 - assumed '菜单删除'
[ error ] [8]Use of undefined constant 菜单修改 - assumed '菜单修改'
[ error ] [8]Use of undefined constant 菜单删除 - assumed '菜单删除'
[ error ] [8]Use of undefined constant 菜单修改 - assumed '菜单修改'
[ error ] [8]Use of undefined constant 菜单删除 - assumed '菜单删除'
[ error ] [8]Use of undefined constant 菜单修改 - assumed '菜单修改'
[ error ] [8]Use of undefined constant 菜单删除 - assumed '菜单删除'
[ error ] [8]Use of undefined constant 菜单修改 - assumed '菜单修改'
[ error ] [8]Use of undefined constant 菜单删除 - assumed '菜单删除'
[ error ] [8]Use of undefined constant 菜单修改 - assumed '菜单修改'
[ error ] [8]Use of undefined constant 菜单删除 - assumed '菜单删除'
[ error ] [8]Use of undefined constant 菜单修改 - assumed '菜单修改'
[ error ] [8]Use of undefined constant 菜单删除 - assumed '菜单删除'
[ error ] [8]Use of undefined constant 菜单修改 - assumed '菜单修改'
[ error ] [8]Use of undefined constant 菜单删除 - assumed '菜单删除'
[ error ] [8]Use of undefined constant 菜单修改 - assumed '菜单修改'
[ error ] [8]Use of undefined constant 菜单删除 - assumed '菜单删除'
[ error ] [8]Use of undefined constant 菜单修改 - assumed '菜单修改'
[ error ] [8]Use of undefined constant 菜单删除 - assumed '菜单删除'
[ error ] [8]Use of undefined constant 菜单修改 - assumed '菜单修改'
[ error ] [8]Use of undefined constant 菜单删除 - assumed '菜单删除'
[ error ] [8]Use of undefined constant 菜单修改 - assumed '菜单修改'
[ error ] [8]Use of undefined constant 菜单删除 - assumed '菜单删除'
[ error ] [8]Use of undefined constant 菜单修改 - assumed '菜单修改'
[ error ] [8]Use of undefined constant 菜单删除 - assumed '菜单删除'
[ error ] [8]Use of undefined constant 菜单修改 - assumed '菜单修改'
[ error ] [8]Use of undefined constant 菜单删除 - assumed '菜单删除'
[ error ] [8]Use of undefined constant 菜单修改 - assumed '菜单修改'
[ error ] [8]Use of undefined constant 菜单删除 - assumed '菜单删除'
[ error ] [8]Use of undefined constant 菜单修改 - assumed '菜单修改'
[ error ] [8]Use of undefined constant 菜单删除 - assumed '菜单删除'
[ error ] [8]Use of undefined constant 菜单修改 - assumed '菜单修改'
[ error ] [8]Use of undefined constant 菜单删除 - assumed '菜单删除'

---------------------------------------------------------------
[ 2021-03-19T16:35:59+08:00 ] [ sql ] [ DB ] CONNECT:[ UseTime:0.003307s ] mysql:dbname=shwap;host=localhost;port=3306;charset=utf8
[ sql ] [ SQL ] SHOW COLUMNS FROM `uvclinic_user` [ RunTime:0.002458s ]
[ sql ] [ SQL ] SELECT * FROM `uvclinic_user` WHERE  `uvclinic_user`.`delete_time` IS NULL  AND `id` = 2 LIMIT 1 [ RunTime:0.000719s ]
[ sql ] [ SQL ] SHOW COLUMNS FROM `uvclinic_permission` [ RunTime:0.002157s ]
[ sql ] [ SQL ] SELECT * FROM `uvclinic_permission` WHERE  `uvclinic_permission`.`delete_time` IS NULL  AND `role_id` = 1 [ RunTime:0.000560s ]
[ sql ] [ SQL ] SHOW COLUMNS FROM `uvclinic_menu` [ RunTime:0.000935s ]
[ sql ] [ SQL ] SELECT * FROM `uvclinic_menu` WHERE  `id` IN (6,43,42,41,5,7,1,44,45,46,50,4,47,48,49,98,2,9,10,11,3,12,13,54,55,56,67,68,69,70,57,58,59,71,72,76,76,77,78,79,80,81,82,86,88,89,90,91,93,94,95,96,97,99,100,101,102,103,104,105,106,107,108,109,110,111,112,113) [ RunTime:0.000865s ]
[ sql ] [ SQL ] SHOW COLUMNS FROM `uvclinic_website` [ RunTime:0.001019s ]
[ sql ] [ SQL ] SELECT * FROM `uvclinic_website` WHERE  `id` = 1 LIMIT 1 [ RunTime:0.000547s ]

---------------------------------------------------------------
[ 2021-03-19T16:36:01+08:00 ] [ sql ] [ DB ] CONNECT:[ UseTime:0.002673s ] mysql:dbname=shwap;host=localhost;port=3306;charset=utf8
[ sql ] [ SQL ] SHOW COLUMNS FROM `uvclinic_user` [ RunTime:0.001090s ]
[ sql ] [ SQL ] SELECT * FROM `uvclinic_user` WHERE  `uvclinic_user`.`delete_time` IS NULL  AND `id` = 2 LIMIT 1 [ RunTime:0.000500s ]
[ sql ] [ SQL ] SHOW COLUMNS FROM `uvclinic_permission` [ RunTime:0.000768s ]
[ sql ] [ SQL ] SELECT * FROM `uvclinic_permission` WHERE  `uvclinic_permission`.`delete_time` IS NULL  AND `role_id` = 1 [ RunTime:0.000487s ]
[ sql ] [ SQL ] SHOW COLUMNS FROM `uvclinic_menu` [ RunTime:0.002203s ]
[ sql ] [ SQL ] SELECT * FROM `uvclinic_menu` WHERE  `id` IN (6,43,42,41,5,7,1,44,45,46,50,4,47,48,49,98,2,9,10,11,3,12,13,54,55,56,67,68,69,70,57,58,59,71,72,76,76,77,78,79,80,81,82,86,88,89,90,91,93,94,95,96,97,99,100,101,102,103,104,105,106,107,108,109,110,111,112,113) [ RunTime:0.000940s ]
[ sql ] [ SQL ] SHOW COLUMNS FROM `uvclinic_role` [ RunTime:0.001760s ]
[ sql ] [ SQL ] SELECT COUNT(*) AS tp_count FROM `uvclinic_role` WHERE  `uvclinic_role`.`delete_time` IS NULL LIMIT 1 [ RunTime:0.000334s ]
[ sql ] [ SQL ] SELECT * FROM `uvclinic_role` WHERE  `uvclinic_role`.`delete_time` IS NULL ORDER BY sort asc,id asc LIMIT 0,20 [ RunTime:0.000583s ]
[ sql ] [ SQL ] SELECT `id` FROM `uvclinic_menu` WHERE  `module_name` = 'assessment'  AND `controller_name` = 'Role'  AND `view_name` = 'rlist' LIMIT 1 [ RunTime:0.000703s ]
[ sql ] [ SQL ] SELECT * FROM `uvclinic_menu` WHERE  `parent_id` = 6 [ RunTime:0.000870s ]
[ sql ] [ SQL ] SELECT `p`.`id`,`m`.`name` FROM `uvclinic_permission` `p` INNER JOIN `uvclinic_menu` `m` ON `p`.`menu_id`=`m`.`id` WHERE  `p`.`role_id` = 1  AND `p`.`menu_id` IN (50,46,45,44) [ RunTime:0.000632s ]
[ error ] [8]Use of undefined constant 角色新增 - assumed '角色新增'
[ error ] [8]Use of undefined constant 权限分配 - assumed '权限分配'
[ error ] [8]Use of undefined constant 角色修改 - assumed '角色修改'
[ error ] [8]Use of undefined constant 角色删除 - assumed '角色删除'
[ error ] [8]Use of undefined constant 权限分配 - assumed '权限分配'
[ error ] [8]Use of undefined constant 角色修改 - assumed '角色修改'
[ error ] [8]Use of undefined constant 角色删除 - assumed '角色删除'
[ error ] [8]Use of undefined constant 权限分配 - assumed '权限分配'
[ error ] [8]Use of undefined constant 角色修改 - assumed '角色修改'
[ error ] [8]Use of undefined constant 角色删除 - assumed '角色删除'

---------------------------------------------------------------
[ 2021-03-19T16:36:06+08:00 ] [ sql ] [ DB ] CONNECT:[ UseTime:0.003114s ] mysql:dbname=shwap;host=localhost;port=3306;charset=utf8
[ sql ] [ SQL ] SHOW COLUMNS FROM `uvclinic_user` [ RunTime:0.001457s ]
[ sql ] [ SQL ] SELECT * FROM `uvclinic_user` WHERE  `uvclinic_user`.`delete_time` IS NULL  AND `id` = 2 LIMIT 1 [ RunTime:0.001721s ]
[ sql ] [ SQL ] SHOW COLUMNS FROM `uvclinic_permission` [ RunTime:0.000862s ]
[ sql ] [ SQL ] SELECT * FROM `uvclinic_permission` WHERE  `uvclinic_permission`.`delete_time` IS NULL  AND `role_id` = 1 [ RunTime:0.000433s ]
[ sql ] [ SQL ] SHOW COLUMNS FROM `uvclinic_menu` [ RunTime:0.001606s ]
[ sql ] [ SQL ] SELECT * FROM `uvclinic_menu` WHERE  `id` IN (6,43,42,41,5,7,1,44,45,46,50,4,47,48,49,98,2,9,10,11,3,12,13,54,55,56,67,68,69,70,57,58,59,71,72,76,76,77,78,79,80,81,82,86,88,89,90,91,93,94,95,96,97,99,100,101,102,103,104,105,106,107,108,109,110,111,112,113) [ RunTime:0.001432s ]
[ sql ] [ SQL ] SELECT COUNT(*) AS tp_count FROM `uvclinic_user` WHERE  `uvclinic_user`.`delete_time` IS NULL LIMIT 1 [ RunTime:0.000513s ]
[ sql ] [ SQL ] SELECT * FROM `uvclinic_user` WHERE  `uvclinic_user`.`delete_time` IS NULL ORDER BY id asc LIMIT 0,20 [ RunTime:0.001512s ]
[ sql ] [ SQL ] SELECT `id` FROM `uvclinic_menu` WHERE  `module_name` = 'assessment'  AND `controller_name` = 'User'  AND `view_name` = 'ulist' LIMIT 1 [ RunTime:0.000380s ]
[ sql ] [ SQL ] SELECT * FROM `uvclinic_menu` WHERE  `parent_id` = 4 [ RunTime:0.000330s ]
[ sql ] [ SQL ] SELECT `p`.`id`,`m`.`name` FROM `uvclinic_permission` `p` INNER JOIN `uvclinic_menu` `m` ON `p`.`menu_id`=`m`.`id` WHERE  `p`.`role_id` = 1  AND `p`.`menu_id` IN (49,48,47) [ RunTime:0.000379s ]
[ sql ] [ SQL ] SHOW COLUMNS FROM `uvclinic_role` [ RunTime:0.005683s ]
[ sql ] [ SQL ] SELECT `name` FROM `uvclinic_role` WHERE  `id` = 1  AND (  delete_time is  null ) LIMIT 1 [ RunTime:0.000401s ]
[ sql ] [ SQL ] SELECT `name` FROM `uvclinic_role` WHERE  `id` = 2  AND (  delete_time is  null ) LIMIT 1 [ RunTime:0.000956s ]
[ sql ] [ SQL ] SELECT `name` FROM `uvclinic_role` WHERE  `id` = 1  AND (  delete_time is  null ) LIMIT 1 [ RunTime:0.000374s ]
[ sql ] [ SQL ] SELECT `name` FROM `uvclinic_role` WHERE  `id` = 11  AND (  delete_time is  null ) LIMIT 1 [ RunTime:0.000189s ]
[ sql ] [ SQL ] SELECT `name` FROM `uvclinic_role` WHERE  `id` = 12  AND (  delete_time is  null ) LIMIT 1 [ RunTime:0.000266s ]
[ sql ] [ SQL ] SELECT `name` FROM `uvclinic_role` WHERE  `id` = 10  AND (  delete_time is  null ) LIMIT 1 [ RunTime:0.000208s ]
[ error ] [8]Use of undefined constant 用户新增 - assumed '用户新增'
[ error ] [8]Use of undefined constant 用户修改 - assumed '用户修改'
[ error ] [8]Use of undefined constant 用户删除 - assumed '用户删除'
[ error ] [8]Use of undefined constant 用户修改 - assumed '用户修改'
[ error ] [8]Use of undefined constant 用户删除 - assumed '用户删除'
[ error ] [8]Use of undefined constant 用户修改 - assumed '用户修改'
[ error ] [8]Use of undefined constant 用户删除 - assumed '用户删除'
[ error ] [8]Use of undefined constant 用户修改 - assumed '用户修改'
[ error ] [8]Use of undefined constant 用户删除 - assumed '用户删除'
[ error ] [8]Use of undefined constant 用户修改 - assumed '用户修改'
[ error ] [8]Use of undefined constant 用户删除 - assumed '用户删除'
[ error ] [8]Use of undefined constant 用户修改 - assumed '用户修改'
[ error ] [8]Use of undefined constant 用户删除 - assumed '用户删除'

---------------------------------------------------------------
[ 2021-03-19T16:36:22+08:00 ] [ sql ] [ DB ] CONNECT:[ UseTime:0.003587s ] mysql:dbname=shwap;host=localhost;port=3306;charset=utf8
[ sql ] [ SQL ] SHOW COLUMNS FROM `uvclinic_user` [ RunTime:0.001286s ]
[ sql ] [ SQL ] SELECT * FROM `uvclinic_user` WHERE  `username` = 'ceshi'  AND (  delete_time is null ) LIMIT 1 [ RunTime:0.000647s ]
[ sql ] [ SQL ] UPDATE `uvclinic_user`  SET `login_time`='2021-03-19 16:36:21'  WHERE  `id` = 6 [ RunTime:0.178902s ]
[ sql ] [ SQL ] UPDATE `uvclinic_user`  SET `login_num`=login_num+1  WHERE  `id` = 6 [ RunTime:0.011345s ]

---------------------------------------------------------------
[ 2021-03-19T16:36:22+08:00 ] [ sql ] [ DB ] CONNECT:[ UseTime:0.002967s ] mysql:dbname=shwap;host=localhost;port=3306;charset=utf8
[ sql ] [ SQL ] SHOW COLUMNS FROM `uvclinic_user` [ RunTime:0.001239s ]
[ sql ] [ SQL ] SELECT * FROM `uvclinic_user` WHERE  `uvclinic_user`.`delete_time` IS NULL  AND `id` = 6 LIMIT 1 [ RunTime:0.000606s ]
[ sql ] [ SQL ] SHOW COLUMNS FROM `uvclinic_permission` [ RunTime:0.000799s ]
[ sql ] [ SQL ] SELECT * FROM `uvclinic_permission` WHERE  `uvclinic_permission`.`delete_time` IS NULL  AND `role_id` = 2 [ RunTime:0.000429s ]
[ sql ] [ SQL ] SHOW COLUMNS FROM `uvclinic_website` [ RunTime:0.001137s ]
[ sql ] [ SQL ] SELECT * FROM `uvclinic_website` WHERE  `id` = 1 LIMIT 1 [ RunTime:0.000468s ]
[ sql ] [ SQL ] SELECT `p`.`role_id`,`p`.`menu_id`,`m`.`id`,`m`.`name`,`m`.`module_name`,`m`.`controller_name`,`m`.`view_name`,`m`.`parent_id`,`m`.`is_menu`,`m`.`sort` FROM `uvclinic_permission` `p` INNER JOIN `uvclinic_menu` `m` ON `p`.`menu_id`=`m`.`id` WHERE  `p`.`role_id` = 2  AND `m`.`is_menu` = 1 ORDER BY m.sort asc [ RunTime:0.001236s ]

---------------------------------------------------------------
[ 2021-03-19T16:36:22+08:00 ] [ sql ] [ DB ] CONNECT:[ UseTime:0.003078s ] mysql:dbname=shwap;host=localhost;port=3306;charset=utf8
[ sql ] [ SQL ] SHOW COLUMNS FROM `uvclinic_user` [ RunTime:0.003211s ]
[ sql ] [ SQL ] SELECT * FROM `uvclinic_user` WHERE  `uvclinic_user`.`delete_time` IS NULL  AND `id` = 6 LIMIT 1 [ RunTime:0.002990s ]
[ sql ] [ SQL ] SHOW COLUMNS FROM `uvclinic_permission` [ RunTime:0.001162s ]
[ sql ] [ SQL ] SELECT * FROM `uvclinic_permission` WHERE  `uvclinic_permission`.`delete_time` IS NULL  AND `role_id` = 2 [ RunTime:0.000503s ]

---------------------------------------------------------------
[ 2021-03-19T16:36:23+08:00 ] [ sql ] [ DB ] CONNECT:[ UseTime:0.003876s ] mysql:dbname=shwap;host=localhost;port=3306;charset=utf8
[ sql ] [ SQL ] SHOW COLUMNS FROM `uvclinic_user` [ RunTime:0.001412s ]
[ sql ] [ SQL ] SELECT * FROM `uvclinic_user` WHERE  `uvclinic_user`.`delete_time` IS NULL  AND `id` = 6 LIMIT 1 [ RunTime:0.000667s ]
[ sql ] [ SQL ] SHOW COLUMNS FROM `uvclinic_permission` [ RunTime:0.001141s ]
[ sql ] [ SQL ] SELECT * FROM `uvclinic_permission` WHERE  `uvclinic_permission`.`delete_time` IS NULL  AND `role_id` = 2 [ RunTime:0.000608s ]

---------------------------------------------------------------
[ 2021-03-19T16:36:32+08:00 ] [ sql ] [ DB ] CONNECT:[ UseTime:0.002903s ] mysql:dbname=shwap;host=localhost;port=3306;charset=utf8
[ sql ] [ SQL ] SHOW COLUMNS FROM `uvclinic_user` [ RunTime:0.001214s ]
[ sql ] [ SQL ] SELECT * FROM `uvclinic_user` WHERE  `username` = 'xiaorun'  AND (  delete_time is null ) LIMIT 1 [ RunTime:0.001421s ]
[ sql ] [ SQL ] UPDATE `uvclinic_user`  SET `login_time`='2021-03-19 16:36:32'  WHERE  `id` = 7 [ RunTime:0.000585s ]
[ sql ] [ SQL ] UPDATE `uvclinic_user`  SET `login_num`=login_num+1  WHERE  `id` = 7 [ RunTime:0.000408s ]

---------------------------------------------------------------
[ 2021-03-19T16:36:32+08:00 ] [ sql ] [ DB ] CONNECT:[ UseTime:0.003248s ] mysql:dbname=shwap;host=localhost;port=3306;charset=utf8
[ sql ] [ SQL ] SHOW COLUMNS FROM `uvclinic_user` [ RunTime:0.001259s ]
[ sql ] [ SQL ] SELECT * FROM `uvclinic_user` WHERE  `uvclinic_user`.`delete_time` IS NULL  AND `id` = 7 LIMIT 1 [ RunTime:0.000755s ]
[ sql ] [ SQL ] SHOW COLUMNS FROM `uvclinic_permission` [ RunTime:0.000895s ]
[ sql ] [ SQL ] SELECT * FROM `uvclinic_permission` WHERE  `uvclinic_permission`.`delete_time` IS NULL  AND `role_id` = 1 [ RunTime:0.000551s ]
[ sql ] [ SQL ] SHOW COLUMNS FROM `uvclinic_menu` [ RunTime:0.001326s ]
[ sql ] [ SQL ] SELECT * FROM `uvclinic_menu` WHERE  `id` IN (6,43,42,41,5,7,1,44,45,46,50,4,47,48,49,98,2,9,10,11,3,12,13,54,55,56,67,68,69,70,57,58,59,71,72,76,76,77,78,79,80,81,82,86,88,89,90,91,93,94,95,96,97,99,100,101,102,103,104,105,106,107,108,109,110,111,112,113) [ RunTime:0.000809s ]
[ sql ] [ SQL ] SHOW COLUMNS FROM `uvclinic_website` [ RunTime:0.000936s ]
[ sql ] [ SQL ] SELECT * FROM `uvclinic_website` WHERE  `id` = 1 LIMIT 1 [ RunTime:0.001781s ]
[ sql ] [ SQL ] SELECT `p`.`role_id`,`p`.`menu_id`,`m`.`id`,`m`.`name`,`m`.`module_name`,`m`.`controller_name`,`m`.`view_name`,`m`.`parent_id`,`m`.`is_menu`,`m`.`sort` FROM `uvclinic_permission` `p` INNER JOIN `uvclinic_menu` `m` ON `p`.`menu_id`=`m`.`id` WHERE  `p`.`role_id` = 1  AND `m`.`is_menu` = 1 ORDER BY m.sort asc [ RunTime:0.001052s ]
[ sql ] [ SQL ] SHOW COLUMNS FROM `uvclinic_role` [ RunTime:0.000860s ]
[ sql ] [ SQL ] SELECT * FROM `uvclinic_role` WHERE  `id` = 1 LIMIT 1 [ RunTime:0.000403s ]
[ sql ] [ SQL ] SELECT `menu_id` FROM `uvclinic_permission` WHERE  `role_id` = 1 [ RunTime:0.000343s ]
[ sql ] [ SQL ] SELECT * FROM `uvclinic_menu` WHERE  `parent_id` = 1  AND `id` IN (6,43,42,41,5,7,1,44,45,46,50,4,47,48,49,98,2,9,10,11,3,12,13,54,55,56,67,68,69,70,57,58,59,71,72,76,76,77,78,79,80,81,82,86,88,89,90,91,93,94,95,96,97,99,100,101,102,103,104,105,106,107,108,109,110,111,112,113) ORDER BY sort asc [ RunTime:0.020832s ]
[ sql ] [ SQL ] SELECT * FROM `uvclinic_menu` WHERE  `parent_id` = 7  AND `id` IN (6,43,42,41,5,7,1,44,45,46,50,4,47,48,49,98,2,9,10,11,3,12,13,54,55,56,67,68,69,70,57,58,59,71,72,76,76,77,78,79,80,81,82,86,88,89,90,91,93,94,95,96,97,99,100,101,102,103,104,105,106,107,108,109,110,111,112,113)  AND `is_menu` = 1 [ RunTime:0.000699s ]
[ sql ] [ SQL ] SELECT * FROM `uvclinic_menu` WHERE  `parent_id` = 5  AND `id` IN (6,43,42,41,5,7,1,44,45,46,50,4,47,48,49,98,2,9,10,11,3,12,13,54,55,56,67,68,69,70,57,58,59,71,72,76,76,77,78,79,80,81,82,86,88,89,90,91,93,94,95,96,97,99,100,101,102,103,104,105,106,107,108,109,110,111,112,113)  AND `is_menu` = 1 [ RunTime:0.000429s ]
[ sql ] [ SQL ] SELECT * FROM `uvclinic_menu` WHERE  `parent_id` = 6  AND `id` IN (6,43,42,41,5,7,1,44,45,46,50,4,47,48,49,98,2,9,10,11,3,12,13,54,55,56,67,68,69,70,57,58,59,71,72,76,76,77,78,79,80,81,82,86,88,89,90,91,93,94,95,96,97,99,100,101,102,103,104,105,106,107,108,109,110,111,112,113)  AND `is_menu` = 1 [ RunTime:0.000422s ]
[ sql ] [ SQL ] SELECT * FROM `uvclinic_menu` WHERE  `parent_id` = 4  AND `id` IN (6,43,42,41,5,7,1,44,45,46,50,4,47,48,49,98,2,9,10,11,3,12,13,54,55,56,67,68,69,70,57,58,59,71,72,76,76,77,78,79,80,81,82,86,88,89,90,91,93,94,95,96,97,99,100,101,102,103,104,105,106,107,108,109,110,111,112,113)  AND `is_menu` = 1 [ RunTime:0.000817s ]
[ sql ] [ SQL ] SELECT * FROM `uvclinic_menu` WHERE  `parent_id` = 77  AND `id` IN (6,43,42,41,5,7,1,44,45,46,50,4,47,48,49,98,2,9,10,11,3,12,13,54,55,56,67,68,69,70,57,58,59,71,72,76,76,77,78,79,80,81,82,86,88,89,90,91,93,94,95,96,97,99,100,101,102,103,104,105,106,107,108,109,110,111,112,113)  AND `is_menu` = 1 [ RunTime:0.000503s ]
[ sql ] [ SQL ] SELECT * FROM `uvclinic_menu` WHERE  `parent_id` = 97  AND `id` IN (6,43,42,41,5,7,1,44,45,46,50,4,47,48,49,98,2,9,10,11,3,12,13,54,55,56,67,68,69,70,57,58,59,71,72,76,76,77,78,79,80,81,82,86,88,89,90,91,93,94,95,96,97,99,100,101,102,103,104,105,106,107,108,109,110,111,112,113)  AND `is_menu` = 1 [ RunTime:0.000483s ]
[ sql ] [ SQL ] SELECT * FROM `uvclinic_menu` WHERE  `parent_id` = 98  AND `id` IN (6,43,42,41,5,7,1,44,45,46,50,4,47,48,49,98,2,9,10,11,3,12,13,54,55,56,67,68,69,70,57,58,59,71,72,76,76,77,78,79,80,81,82,86,88,89,90,91,93,94,95,96,97,99,100,101,102,103,104,105,106,107,108,109,110,111,112,113)  AND `is_menu` = 1 [ RunTime:0.000514s ]
[ sql ] [ SQL ] SELECT * FROM `uvclinic_role` WHERE  `id` = 1 LIMIT 1 [ RunTime:0.000382s ]
[ sql ] [ SQL ] SELECT `menu_id` FROM `uvclinic_permission` WHERE  `role_id` = 1 [ RunTime:0.000352s ]
[ sql ] [ SQL ] SELECT * FROM `uvclinic_menu` WHERE  `parent_id` = 54  AND `id` IN (6,43,42,41,5,7,1,44,45,46,50,4,47,48,49,98,2,9,10,11,3,12,13,54,55,56,67,68,69,70,57,58,59,71,72,76,76,77,78,79,80,81,82,86,88,89,90,91,93,94,95,96,97,99,100,101,102,103,104,105,106,107,108,109,110,111,112,113) ORDER BY sort asc [ RunTime:0.001238s ]
[ sql ] [ SQL ] SELECT * FROM `uvclinic_menu` WHERE  `parent_id` = 55  AND `id` IN (6,43,42,41,5,7,1,44,45,46,50,4,47,48,49,98,2,9,10,11,3,12,13,54,55,56,67,68,69,70,57,58,59,71,72,76,76,77,78,79,80,81,82,86,88,89,90,91,93,94,95,96,97,99,100,101,102,103,104,105,106,107,108,109,110,111,112,113)  AND `is_menu` = 1 [ RunTime:0.000697s ]
[ sql ] [ SQL ] SELECT * FROM `uvclinic_menu` WHERE  `parent_id` = 71  AND `id` IN (6,43,42,41,5,7,1,44,45,46,50,4,47,48,49,98,2,9,10,11,3,12,13,54,55,56,67,68,69,70,57,58,59,71,72,76,76,77,78,79,80,81,82,86,88,89,90,91,93,94,95,96,97,99,100,101,102,103,104,105,106,107,108,109,110,111,112,113)  AND `is_menu` = 1 [ RunTime:0.000425s ]
[ sql ] [ SQL ] SELECT * FROM `uvclinic_menu` WHERE  `parent_id` = 72  AND `id` IN (6,43,42,41,5,7,1,44,45,46,50,4,47,48,49,98,2,9,10,11,3,12,13,54,55,56,67,68,69,70,57,58,59,71,72,76,76,77,78,79,80,81,82,86,88,89,90,91,93,94,95,96,97,99,100,101,102,103,104,105,106,107,108,109,110,111,112,113)  AND `is_menu` = 1 [ RunTime:0.000417s ]
[ sql ] [ SQL ] SELECT * FROM `uvclinic_menu` WHERE  `parent_id` = 109  AND `id` IN (6,43,42,41,5,7,1,44,45,46,50,4,47,48,49,98,2,9,10,11,3,12,13,54,55,56,67,68,69,70,57,58,59,71,72,76,76,77,78,79,80,81,82,86,88,89,90,91,93,94,95,96,97,99,100,101,102,103,104,105,106,107,108,109,110,111,112,113)  AND `is_menu` = 1 [ RunTime:0.000573s ]
[ sql ] [ SQL ] SELECT * FROM `uvclinic_role` WHERE  `id` = 1 LIMIT 1 [ RunTime:0.000551s ]
[ sql ] [ SQL ] SELECT `menu_id` FROM `uvclinic_permission` WHERE  `role_id` = 1 [ RunTime:0.000359s ]
[ sql ] [ SQL ] SELECT * FROM `uvclinic_menu` WHERE  `parent_id` = 81  AND `id` IN (6,43,42,41,5,7,1,44,45,46,50,4,47,48,49,98,2,9,10,11,3,12,13,54,55,56,67,68,69,70,57,58,59,71,72,76,76,77,78,79,80,81,82,86,88,89,90,91,93,94,95,96,97,99,100,101,102,103,104,105,106,107,108,109,110,111,112,113) ORDER BY sort asc [ RunTime:0.001158s ]
[ sql ] [ SQL ] SELECT * FROM `uvclinic_menu` WHERE  `parent_id` = 82  AND `id` IN (6,43,42,41,5,7,1,44,45,46,50,4,47,48,49,98,2,9,10,11,3,12,13,54,55,56,67,68,69,70,57,58,59,71,72,76,76,77,78,79,80,81,82,86,88,89,90,91,93,94,95,96,97,99,100,101,102,103,104,105,106,107,108,109,110,111,112,113)  AND `is_menu` = 1 [ RunTime:0.000690s ]
[ sql ] [ SQL ] SELECT * FROM `uvclinic_menu` WHERE  `parent_id` = 88  AND `id` IN (6,43,42,41,5,7,1,44,45,46,50,4,47,48,49,98,2,9,10,11,3,12,13,54,55,56,67,68,69,70,57,58,59,71,72,76,76,77,78,79,80,81,82,86,88,89,90,91,93,94,95,96,97,99,100,101,102,103,104,105,106,107,108,109,110,111,112,113)  AND `is_menu` = 1 [ RunTime:0.000420s ]
[ error ] [8]未定义数组索引: child
[ error ] [8]未定义数组索引: child
[ error ] [8]未定义数组索引: child
[ error ] [8]未定义数组索引: child
[ error ] [8]未定义数组索引: child
[ error ] [8]未定义数组索引: child
[ error ] [8]未定义数组索引: child
[ error ] [8]未定义数组索引: child
[ error ] [8]未定义数组索引: child
[ error ] [8]未定义数组索引: child
[ error ] [8]未定义数组索引: child
[ error ] [8]未定义数组索引: child

---------------------------------------------------------------
[ 2021-03-19T16:36:32+08:00 ] [ sql ] [ DB ] CONNECT:[ UseTime:0.004286s ] mysql:dbname=shwap;host=localhost;port=3306;charset=utf8
[ sql ] [ SQL ] SHOW COLUMNS FROM `uvclinic_user` [ RunTime:0.001355s ]
[ sql ] [ SQL ] SELECT * FROM `uvclinic_user` WHERE  `uvclinic_user`.`delete_time` IS NULL  AND `id` = 7 LIMIT 1 [ RunTime:0.000744s ]
[ sql ] [ SQL ] SHOW COLUMNS FROM `uvclinic_permission` [ RunTime:0.000921s ]
[ sql ] [ SQL ] SELECT * FROM `uvclinic_permission` WHERE  `uvclinic_permission`.`delete_time` IS NULL  AND `role_id` = 1 [ RunTime:0.000513s ]
[ sql ] [ SQL ] SHOW COLUMNS FROM `uvclinic_menu` [ RunTime:0.001005s ]
[ sql ] [ SQL ] SELECT * FROM `uvclinic_menu` WHERE  `id` IN (6,43,42,41,5,7,1,44,45,46,50,4,47,48,49,98,2,9,10,11,3,12,13,54,55,56,67,68,69,70,57,58,59,71,72,76,76,77,78,79,80,81,82,86,88,89,90,91,93,94,95,96,97,99,100,101,102,103,104,105,106,107,108,109,110,111,112,113) [ RunTime:0.000828s ]

---------------------------------------------------------------
[ 2021-03-19T16:36:33+08:00 ] [ sql ] [ DB ] CONNECT:[ UseTime:0.003578s ] mysql:dbname=shwap;host=localhost;port=3306;charset=utf8
[ sql ] [ SQL ] SHOW COLUMNS FROM `uvclinic_user` [ RunTime:0.001218s ]
[ sql ] [ SQL ] SELECT * FROM `uvclinic_user` WHERE  `uvclinic_user`.`delete_time` IS NULL  AND `id` = 7 LIMIT 1 [ RunTime:0.000597s ]
[ sql ] [ SQL ] SHOW COLUMNS FROM `uvclinic_permission` [ RunTime:0.000875s ]
[ sql ] [ SQL ] SELECT * FROM `uvclinic_permission` WHERE  `uvclinic_permission`.`delete_time` IS NULL  AND `role_id` = 1 [ RunTime:0.000469s ]
[ sql ] [ SQL ] SHOW COLUMNS FROM `uvclinic_menu` [ RunTime:0.001000s ]
[ sql ] [ SQL ] SELECT * FROM `uvclinic_menu` WHERE  `id` IN (6,43,42,41,5,7,1,44,45,46,50,4,47,48,49,98,2,9,10,11,3,12,13,54,55,56,67,68,69,70,57,58,59,71,72,76,76,77,78,79,80,81,82,86,88,89,90,91,93,94,95,96,97,99,100,101,102,103,104,105,106,107,108,109,110,111,112,113) [ RunTime:0.000873s ]

---------------------------------------------------------------
[ 2021-03-19T16:36:35+08:00 ] [ sql ] [ DB ] CONNECT:[ UseTime:0.006840s ] mysql:dbname=shwap;host=localhost;port=3306;charset=utf8
[ sql ] [ SQL ] SHOW COLUMNS FROM `uvclinic_user` [ RunTime:0.001197s ]
[ sql ] [ SQL ] SELECT * FROM `uvclinic_user` WHERE  `uvclinic_user`.`delete_time` IS NULL  AND `id` = 7 LIMIT 1 [ RunTime:0.000577s ]
[ sql ] [ SQL ] SHOW COLUMNS FROM `uvclinic_permission` [ RunTime:0.000792s ]
[ sql ] [ SQL ] SELECT * FROM `uvclinic_permission` WHERE  `uvclinic_permission`.`delete_time` IS NULL  AND `role_id` = 1 [ RunTime:0.000440s ]
[ sql ] [ SQL ] SHOW COLUMNS FROM `uvclinic_menu` [ RunTime:0.001980s ]
[ sql ] [ SQL ] SELECT * FROM `uvclinic_menu` WHERE  `id` IN (6,43,42,41,5,7,1,44,45,46,50,4,47,48,49,98,2,9,10,11,3,12,13,54,55,56,67,68,69,70,57,58,59,71,72,76,76,77,78,79,80,81,82,86,88,89,90,91,93,94,95,96,97,99,100,101,102,103,104,105,106,107,108,109,110,111,112,113) [ RunTime:0.000715s ]
[ sql ] [ SQL ] SHOW COLUMNS FROM `uvclinic_role` [ RunTime:0.001573s ]
[ sql ] [ SQL ] SELECT COUNT(*) AS tp_count FROM `uvclinic_role` WHERE  `uvclinic_role`.`delete_time` IS NULL LIMIT 1 [ RunTime:0.000327s ]
[ sql ] [ SQL ] SELECT * FROM `uvclinic_role` WHERE  `uvclinic_role`.`delete_time` IS NULL ORDER BY sort asc,id asc LIMIT 0,20 [ RunTime:0.000329s ]
[ sql ] [ SQL ] SELECT `id` FROM `uvclinic_menu` WHERE  `module_name` = 'assessment'  AND `controller_name` = 'Role'  AND `view_name` = 'rlist' LIMIT 1 [ RunTime:0.000392s ]
[ sql ] [ SQL ] SELECT * FROM `uvclinic_menu` WHERE  `parent_id` = 6 [ RunTime:0.000418s ]
[ sql ] [ SQL ] SELECT `p`.`id`,`m`.`name` FROM `uvclinic_permission` `p` INNER JOIN `uvclinic_menu` `m` ON `p`.`menu_id`=`m`.`id` WHERE  `p`.`role_id` = 1  AND `p`.`menu_id` IN (50,46,45,44) [ RunTime:0.000403s ]
[ error ] [8]Use of undefined constant 角色新增 - assumed '角色新增'
[ error ] [8]Use of undefined constant 权限分配 - assumed '权限分配'
[ error ] [8]Use of undefined constant 角色修改 - assumed '角色修改'
[ error ] [8]Use of undefined constant 角色删除 - assumed '角色删除'
[ error ] [8]Use of undefined constant 权限分配 - assumed '权限分配'
[ error ] [8]Use of undefined constant 角色修改 - assumed '角色修改'
[ error ] [8]Use of undefined constant 角色删除 - assumed '角色删除'
[ error ] [8]Use of undefined constant 权限分配 - assumed '权限分配'
[ error ] [8]Use of undefined constant 角色修改 - assumed '角色修改'
[ error ] [8]Use of undefined constant 角色删除 - assumed '角色删除'

---------------------------------------------------------------
[ 2021-03-19T16:36:38+08:00 ] [ sql ] [ DB ] CONNECT:[ UseTime:0.003418s ] mysql:dbname=shwap;host=localhost;port=3306;charset=utf8
[ sql ] [ SQL ] SHOW COLUMNS FROM `uvclinic_user` [ RunTime:0.001280s ]
[ sql ] [ SQL ] SELECT * FROM `uvclinic_user` WHERE  `uvclinic_user`.`delete_time` IS NULL  AND `id` = 7 LIMIT 1 [ RunTime:0.003767s ]
[ sql ] [ SQL ] SHOW COLUMNS FROM `uvclinic_permission` [ RunTime:0.002132s ]
[ sql ] [ SQL ] SELECT * FROM `uvclinic_permission` WHERE  `uvclinic_permission`.`delete_time` IS NULL  AND `role_id` = 1 [ RunTime:0.000538s ]
[ sql ] [ SQL ] SHOW COLUMNS FROM `uvclinic_menu` [ RunTime:0.001010s ]
[ sql ] [ SQL ] SELECT * FROM `uvclinic_menu` WHERE  `id` IN (6,43,42,41,5,7,1,44,45,46,50,4,47,48,49,98,2,9,10,11,3,12,13,54,55,56,67,68,69,70,57,58,59,71,72,76,76,77,78,79,80,81,82,86,88,89,90,91,93,94,95,96,97,99,100,101,102,103,104,105,106,107,108,109,110,111,112,113) [ RunTime:0.000730s ]
[ sql ] [ SQL ] SELECT COUNT(*) AS tp_count FROM `uvclinic_user` WHERE  `uvclinic_user`.`delete_time` IS NULL LIMIT 1 [ RunTime:0.000459s ]
[ sql ] [ SQL ] SELECT * FROM `uvclinic_user` WHERE  `uvclinic_user`.`delete_time` IS NULL ORDER BY id asc LIMIT 0,20 [ RunTime:0.001265s ]
[ sql ] [ SQL ] SELECT `id` FROM `uvclinic_menu` WHERE  `module_name` = 'assessment'  AND `controller_name` = 'User'  AND `view_name` = 'ulist' LIMIT 1 [ RunTime:0.000407s ]
[ sql ] [ SQL ] SELECT * FROM `uvclinic_menu` WHERE  `parent_id` = 4 [ RunTime:0.000324s ]
[ sql ] [ SQL ] SELECT `p`.`id`,`m`.`name` FROM `uvclinic_permission` `p` INNER JOIN `uvclinic_menu` `m` ON `p`.`menu_id`=`m`.`id` WHERE  `p`.`role_id` = 1  AND `p`.`menu_id` IN (49,48,47) [ RunTime:0.000382s ]
[ sql ] [ SQL ] SHOW COLUMNS FROM `uvclinic_role` [ RunTime:0.000891s ]
[ sql ] [ SQL ] SELECT `name` FROM `uvclinic_role` WHERE  `id` = 1  AND (  delete_time is  null ) LIMIT 1 [ RunTime:0.000346s ]
[ sql ] [ SQL ] SELECT `name` FROM `uvclinic_role` WHERE  `id` = 2  AND (  delete_time is  null ) LIMIT 1 [ RunTime:0.000191s ]
[ sql ] [ SQL ] SELECT `name` FROM `uvclinic_role` WHERE  `id` = 1  AND (  delete_time is  null ) LIMIT 1 [ RunTime:0.000177s ]
[ sql ] [ SQL ] SELECT `name` FROM `uvclinic_role` WHERE  `id` = 11  AND (  delete_time is  null ) LIMIT 1 [ RunTime:0.000170s ]
[ sql ] [ SQL ] SELECT `name` FROM `uvclinic_role` WHERE  `id` = 12  AND (  delete_time is  null ) LIMIT 1 [ RunTime:0.001035s ]
[ sql ] [ SQL ] SELECT `name` FROM `uvclinic_role` WHERE  `id` = 10  AND (  delete_time is  null ) LIMIT 1 [ RunTime:0.000355s ]
[ error ] [8]Use of undefined constant 用户新增 - assumed '用户新增'
[ error ] [8]Use of undefined constant 用户修改 - assumed '用户修改'
[ error ] [8]Use of undefined constant 用户删除 - assumed '用户删除'
[ error ] [8]Use of undefined constant 用户修改 - assumed '用户修改'
[ error ] [8]Use of undefined constant 用户删除 - assumed '用户删除'
[ error ] [8]Use of undefined constant 用户修改 - assumed '用户修改'
[ error ] [8]Use of undefined constant 用户删除 - assumed '用户删除'
[ error ] [8]Use of undefined constant 用户修改 - assumed '用户修改'
[ error ] [8]Use of undefined constant 用户删除 - assumed '用户删除'
[ error ] [8]Use of undefined constant 用户修改 - assumed '用户修改'
[ error ] [8]Use of undefined constant 用户删除 - assumed '用户删除'
[ error ] [8]Use of undefined constant 用户修改 - assumed '用户修改'
[ error ] [8]Use of undefined constant 用户删除 - assumed '用户删除'

---------------------------------------------------------------
[ 2021-03-19T16:46:57+08:00 ] [ sql ] [ DB ] CONNECT:[ UseTime:0.005038s ] mysql:dbname=shwap;host=localhost;port=3306;charset=utf8
[ sql ] [ SQL ] SHOW COLUMNS FROM `uvclinic_user` [ RunTime:0.004381s ]
[ sql ] [ SQL ] SELECT * FROM `uvclinic_user` WHERE  `uvclinic_user`.`delete_time` IS NULL  AND `id` = 7 LIMIT 1 [ RunTime:0.000830s ]
[ sql ] [ SQL ] SHOW COLUMNS FROM `uvclinic_permission` [ RunTime:0.000956s ]
[ sql ] [ SQL ] SELECT * FROM `uvclinic_permission` WHERE  `uvclinic_permission`.`delete_time` IS NULL  AND `role_id` = 1 [ RunTime:0.000425s ]
[ sql ] [ SQL ] SHOW COLUMNS FROM `uvclinic_menu` [ RunTime:0.000799s ]
[ sql ] [ SQL ] SELECT * FROM `uvclinic_menu` WHERE  `id` IN (6,43,42,41,5,7,1,44,45,46,50,4,47,48,49,98,2,9,10,11,3,12,13,54,55,56,67,68,69,70,57,58,59,71,72,76,76,77,78,79,80,81,82,86,88,89,90,91,93,94,95,96,97,99,100,101,102,103,104,105,106,107,108,109,110,111,112,113) [ RunTime:0.000765s ]
[ sql ] [ SQL ] SHOW COLUMNS FROM `uvclinic_role` [ RunTime:0.003348s ]
[ sql ] [ SQL ] SELECT * FROM `uvclinic_role` WHERE  `uvclinic_role`.`delete_time` IS NULL ORDER BY sort asc [ RunTime:0.000764s ]
[ error ] [8]Use of undefined constant sex - assumed 'sex'
[ error ] [8]Use of undefined constant sex - assumed 'sex'
[ error ] [8]Use of undefined constant id - assumed 'id'
[ error ] [8]Use of undefined constant id - assumed 'id'

---------------------------------------------------------------
